<?xml version="1.0" encoding="UTF-8"?>
<!-- Generated by org.testng.reporters.JUnitXMLReporter -->
<testsuite ignored="4" hostname="DESKTOP-AVUAPDK" failures="0" tests="0" time="0.072" errors="0" timestamp="2022-07-26T16:40:49 IST">
  <testcase classname="testNGStudy.TestNGTest1" name="lunchAmzon" time="0.0">
    <ignored/>
  </testcase> <!-- lunchAmzon -->
  <testcase classname="testNGXMStudy.TestXML2" name="d" time="0.0">
    <ignored/>
  </testcase> <!-- d -->
  <testcase classname="testNGXMStudy.TestXML2" name="e" time="0.0">
    <ignored/>
  </testcase> <!-- e -->
  <testcase classname="testNGXMStudy.TestXML2" name="f" time="0.0">
    <ignored/>
  </testcase> <!-- f -->
</testsuite>
